This is pdfTeX, Version 3.141592653-2.6-1.40.29 (TeX Live 2026) (preloaded format=pdflatex 2026.3.6)  6 MAR 2026 16:54
entering extended mode
 restricted \write18 enabled.
 %&-line parsing enabled.
**report.tex
(./report.tex
LaTeX2e <2025-11-01>
L3 programming layer <2026-01-19>
(d:/Tools/texlive/2026/texmf-dist/tex/latex/base/article.cls
Document Class: article 2025/01/22 v1.4n Standard LaTeX document class
(d:/Tools/texlive/2026/texmf-dist/tex/latex/base/size10.clo
File: size10.clo 2025/01/22 v1.4n Standard LaTeX file (size option)
)
\c@part=\count275
\c@section=\count276
\c@subsection=\count277
\c@subsubsection=\count278
\c@paragraph=\count279
\c@subparagraph=\count280
\c@figure=\count281
\c@table=\count282
\abovecaptionskip=\skip49
\belowcaptionskip=\skip50
\bibindent=\dimen148
)
(d:/Tools/texlive/2026/texmf-dist/tex/latex/base/inputenc.sty
Package: inputenc 2024/02/08 v1.3d Input encoding file
\inpenc@prehook=\toks17
\inpenc@posthook=\toks18
)
(d:/Tools/texlive/2026/texmf-dist/tex/latex/base/fontenc.sty
Package: fontenc 2025/07/18 v2.1d Standard LaTeX package
)
(d:/Tools/texlive/2026/texmf-dist/tex/latex/psnfss/times.sty
Package: times 2020/03/25 PSNFSS-v9.3 (SPQR) 
)
(d:/Tools/texlive/2026/texmf-dist/tex/latex/graphics/graphicx.sty
Package: graphicx 2024/12/31 v1.2e Enhanced LaTeX Graphics (DPC,SPQR)

(d:/Tools/texlive/2026/texmf-dist/tex/latex/graphics/keyval.sty
Package: keyval 2022/05/29 v1.15 key=value parser (DPC)
\KV@toks@=\toks19
)
(d:/Tools/texlive/2026/texmf-dist/tex/latex/graphics/graphics.sty
Package: graphics 2024/08/06 v1.4g Standard LaTeX Graphics (DPC,SPQR)

(d:/Tools/texlive/2026/texmf-dist/tex/latex/graphics/trig.sty
Package: trig 2023/12/02 v1.11 sin cos tan (DPC)
)
(d:/Tools/texlive/2026/texmf-dist/tex/latex/graphics-cfg/graphics.cfg
File: graphics.cfg 2016/06/04 v1.11 sample graphics configuration
)
Package graphics Info: Driver file: pdftex.def on input line 106.

(d:/Tools/texlive/2026/texmf-dist/tex/latex/graphics-def/pdftex.def
File: pdftex.def 2025/09/29 v1.2d Graphics/color driver for pdftex
))
\Gin@req@height=\dimen149
\Gin@req@width=\dimen150
)
(d:/Tools/texlive/2026/texmf-dist/tex/latex/url/url.sty
\Urlmuskip=\muskip17
Package: url 2013/09/16  ver 3.4  Verb mode for urls, etc.
)
(d:/Tools/texlive/2026/texmf-dist/tex/latex/enumitem/enumitem.sty
Package: enumitem 2025/02/06 v3.11 Customized lists
\labelindent=\skip51
\enit@outerparindent=\dimen151
\enit@toks=\toks20
\enit@inbox=\box53
\enit@count@id=\count283
\enitdp@description=\count284
)
(d:/Tools/texlive/2026/texmf-dist/tex/latex/tools/verbatim.sty
Package: verbatim 2024-01-22 v1.5x LaTeX2e package for verbatim enhancements
\every@verbatim=\toks21
\verbatim@line=\toks22
\verbatim@in@stream=\read2
)
(d:/Tools/texlive/2026/texmf-dist/tex/latex/geometry/geometry.sty
Package: geometry 2020/01/02 v5.9 Page Geometry

(d:/Tools/texlive/2026/texmf-dist/tex/generic/iftex/ifvtex.sty
Package: ifvtex 2019/10/25 v1.7 ifvtex legacy package. Use iftex instead.

(d:/Tools/texlive/2026/texmf-dist/tex/generic/iftex/iftex.sty
Package: iftex 2024/12/12 v1.0g TeX engine tests
))
\Gm@cnth=\count285
\Gm@cntv=\count286
\c@Gm@tempcnt=\count287
\Gm@bindingoffset=\dimen152
\Gm@wd@mp=\dimen153
\Gm@odd@mp=\dimen154
\Gm@even@mp=\dimen155
\Gm@layoutwidth=\dimen156
\Gm@layoutheight=\dimen157
\Gm@layouthoffset=\dimen158
\Gm@layoutvoffset=\dimen159
\Gm@dimlist=\toks23
)
LaTeX Font Info:    Trying to load font information for T1+ptm on input line 16
.

(d:/Tools/texlive/2026/texmf-dist/tex/latex/psnfss/t1ptm.fd
File: t1ptm.fd 2001/06/04 font definitions for T1/ptm.
)
(d:/Tools/texlive/2026/texmf-dist/tex/latex/l3backend/l3backend-pdftex.def
File: l3backend-pdftex.def 2025-10-09 L3 backend support: PDF output (pdfTeX)
\l__color_backend_stack_int=\count288
)
(./report.aux)
\openout1 = `report.aux'.

LaTeX Font Info:    Checking defaults for OML/cmm/m/it on input line 16.
LaTeX Font Info:    ... okay on input line 16.
LaTeX Font Info:    Checking defaults for OMS/cmsy/m/n on input line 16.
LaTeX Font Info:    ... okay on input line 16.
LaTeX Font Info:    Checking defaults for OT1/cmr/m/n on input line 16.
LaTeX Font Info:    ... okay on input line 16.
LaTeX Font Info:    Checking defaults for T1/cmr/m/n on input line 16.
LaTeX Font Info:    ... okay on input line 16.
LaTeX Font Info:    Checking defaults for TS1/cmr/m/n on input line 16.
LaTeX Font Info:    ... okay on input line 16.
LaTeX Font Info:    Checking defaults for OMX/cmex/m/n on input line 16.
LaTeX Font Info:    ... okay on input line 16.
LaTeX Font Info:    Checking defaults for U/cmr/m/n on input line 16.
LaTeX Font Info:    ... okay on input line 16.

(d:/Tools/texlive/2026/texmf-dist/tex/context/base/mkii/supp-pdf.mkii
[Loading MPS to PDF converter (version 2006.09.02).]
\scratchcounter=\count289
\scratchdimen=\dimen160
\scratchbox=\box54
\nofMPsegments=\count290
\nofMParguments=\count291
\everyMPshowfont=\toks24
\MPscratchCnt=\count292
\MPscratchDim=\dimen161
\MPnumerator=\count293
\makeMPintoPDFobject=\count294
\everyMPtoPDFconversion=\toks25
) (d:/Tools/texlive/2026/texmf-dist/tex/latex/epstopdf-pkg/epstopdf-base.sty
Package: epstopdf-base 2020-01-24 v2.11 Base part for package epstopdf
Package epstopdf-base Info: Redefining graphics rule for `.eps' on input line 4
85.

(d:/Tools/texlive/2026/texmf-dist/tex/latex/latexconfig/epstopdf-sys.cfg
File: epstopdf-sys.cfg 2010/07/13 v1.3 Configuration of (r)epstopdf for TeX Liv
e
))
*geometry* driver: auto-detecting
*geometry* detected driver: pdftex
*geometry* verbose mode - [ preamble ] result:
* driver: pdftex
* paper: letterpaper
* layout: <same size as paper>
* layoutoffset:(h,v)=(0.0pt,0.0pt)
* modes: 
* h-part:(L,W,R)=(54.2025pt, 505.89pt, 54.2025pt)
* v-part:(T,H,B)=(54.2025pt, 686.56499pt, 54.2025pt)
* \paperwidth=614.295pt
* \paperheight=794.96999pt
* \textwidth=505.89pt
* \textheight=686.56499pt
* \oddsidemargin=-18.06749pt
* \evensidemargin=-18.06749pt
* \topmargin=-55.06749pt
* \headheight=12.0pt
* \headsep=25.0pt
* \topskip=10.0pt
* \footskip=30.0pt
* \marginparwidth=4.0pt
* \marginparsep=10.0pt
* \columnsep=10.0pt
* \skip\footins=9.0pt plus 4.0pt minus 2.0pt
* \hoffset=0.0pt
* \voffset=0.0pt
* \mag=1000
* \@twocolumntrue
* \@twosidefalse
* \@mparswitchfalse
* \@reversemarginfalse
* (1in=72.27pt=25.4mm, 1cm=28.453pt)

LaTeX Font Info:    External font `cmex10' loaded for size
(Font)              <12> on input line 17.
LaTeX Font Info:    External font `cmex10' loaded for size
(Font)              <8> on input line 17.
LaTeX Font Info:    External font `cmex10' loaded for size
(Font)              <6> on input line 17.
LaTeX Font Info:    Trying to load font information for T1+pcr on input line 22
.
(d:/Tools/texlive/2026/texmf-dist/tex/latex/psnfss/t1pcr.fd
File: t1pcr.fd 2001/06/04 font definitions for T1/pcr.
)
Underfull \hbox (badness 10000) in paragraph at lines 25--26
\T1/ptm/m/n/10 The de-com-piled pack-age name is
 []


Underfull \hbox (badness 10000) in paragraph at lines 25--26
\T1/pcr/m/n/10 com.example.mastg_test0016\T1/ptm/m/n/10 , with
 []


Underfull \hbox (badness 3895) in paragraph at lines 25--26
\T1/ptm/m/n/10 Lo-gin reads that file, com-pares the en-tered user-name
 []


Underfull \hbox (badness 10000) in paragraph at lines 25--26
\T1/ptm/m/n/10 and pass-word, then cre-ates a \T1/pcr/m/n/10 sessionToken \T1/p
tm/m/n/10 in
 []


Underfull \hbox (badness 3713) in paragraph at lines 25--26
\T1/pcr/m/n/10 SharedPreferences \T1/ptm/m/n/10 un-der \T1/pcr/m/n/10 SessionPr
efs\T1/ptm/m/n/10 . The
 []


Underfull \hbox (badness 10000) in paragraph at lines 27--28
[]\T1/ptm/m/n/10 Important as-sets are the user-name/password pair
 []


Underfull \hbox (badness 10000) in paragraph at lines 27--28
\T1/ptm/m/n/10 in \T1/pcr/m/n/10 credentials.txt\T1/ptm/m/n/10 , the ses-sion t
o-ken in
 []


Overfull \hbox (166.05501pt too wide) in paragraph at lines 31--31
[]\T1/pcr/m/n/10 User -> Login -> credentials.txt -> sessionToken -> SharedPref
erences[] 
 []


Overfull \hbox (52.05501pt too wide) in paragraph at lines 32--32
[]\T1/pcr/m/n/10 User -> Profile -> Log out -> remove(sessionToken)[] 
 []

LaTeX Font Info:    Trying to load font information for TS1+ptm on input line 3
8.
(d:/Tools/texlive/2026/texmf-dist/tex/latex/psnfss/ts1ptm.fd
File: ts1ptm.fd 2001/06/04 font definitions for TS1/ptm.
)
Underfull \hbox (badness 10000) in paragraph at lines 36--38
\T1/ptm/m/n/10 We in-spected \T1/pcr/m/n/10 AndroidManifest.xml\T1/ptm/m/n/10 ,

 []


Underfull \hbox (badness 10000) in paragraph at lines 36--38
\T1/pcr/m/n/10 MainActivity.java\T1/ptm/m/n/10 , \T1/pcr/m/n/10 Login.java\T1/p
tm/m/n/10 , and
 []


Underfull \hbox (badness 1603) in paragraph at lines 36--38
\T1/pcr/m/n/10 Profile.java\T1/ptm/m/n/10 , then searched the de-com-piled sour
ces
 []


Underfull \hbox (badness 10000) in paragraph at lines 38--39
[]\T1/pcr/m/n/10 MainActivity.randomNumberGenerator()\T1/ptm/m/n/10 :
 []


Underfull \hbox (badness 10000) in paragraph at lines 38--39
\T1/pcr/m/n/10 new Random().nextInt(100)\T1/ptm/m/n/10 . This ap-pears
 []


Underfull \hbox (badness 10000) in paragraph at lines 39--40
[]\T1/pcr/m/n/10 Login.generateSessionToken()\T1/ptm/m/n/10 : \T1/pcr/m/n/10 ne
w
 []

<figures/login_class_excerpt.pdf, id=1, 614.295pt x 794.97pt>
File: figures/login_class_excerpt.pdf Graphic file (type pdf)
<use figures/login_class_excerpt.pdf>
Package pdftex.def Info: figures/login_class_excerpt.pdf  used on input line 44
.
(pdftex.def)             Requested size: 247.94499pt x 320.86937pt.

Underfull \hbox (badness 10000) in paragraph at lines 49--50
\T1/ptm/m/n/10 The core vul-ner-a-bil-ity is in
 []


Underfull \hbox (badness 5771) in paragraph at lines 49--50
\T1/pcr/m/n/10 Login.generateSessionToken()\T1/ptm/m/n/10 , where the app
 []


Underfull \hbox (badness 2134) in paragraph at lines 49--50
\T1/ptm/m/n/10 al-pha-bet us-ing \T1/pcr/m/n/10 java.util.Random\T1/ptm/m/n/10 
. This API is a
 []


Underfull \hbox (badness 1946) in paragraph at lines 49--50
\T1/ptm/m/n/10 general-purpose pseudo-random num-ber gen-er-a-tor, not a
 []


Underfull \hbox (badness 10000) in paragraph at lines 51--52
[]\T1/ptm/m/n/10 The to-ken is security-relevant be-
 []


Underfull \hbox (badness 10000) in paragraph at lines 51--52
\T1/ptm/m/n/10 cause \T1/pcr/m/n/10 Login.createSession() \T1/ptm/m/n/10 writes

 []


Underfull \hbox (badness 10000) in paragraph at lines 51--52
\T1/pcr/m/n/10 sessionToken \T1/ptm/m/n/10 into \T1/pcr/m/n/10 SharedPreference
s\T1/ptm/m/n/10 , and
 []


Underfull \hbox (badness 10000) in paragraph at lines 54--55
\T1/ptm/m/n/10 The fix is to re-place \T1/pcr/m/n/10 java.util.Random \T1/ptm/m
/n/10 with
 []


Underfull \hbox (badness 10000) in paragraph at lines 54--55
\T1/pcr/m/n/10 java.security.SecureRandom \T1/ptm/m/n/10 and gen-er-ate at
 []


Underfull \hbox (badness 1048) in paragraph at lines 54--55
\T1/ptm/m/n/10 stronger over-all de-sign would also en-force the to-ken on
 []


Underfull \vbox (badness 2245) has occurred while \output is active []

 [1{d:/Tools/texlive/2026/texmf-var/fonts/map/pdftex/updmap/pdftex.map}{d:/Tool
s/texlive/2026/texmf-dist/fonts/enc/dvips/base/8r.enc}


]
Underfull \hbox (badness 10000) in paragraph at lines 59--60
[]\T1/ptm/m/n/10 Oracle Java doc-u-men-ta-tion for
 []


Underfull \hbox (badness 10000) in paragraph at lines 61--62
[]\T1/ptm/m/n/10 Decompiled sources un-der \T1/pcr/m/n/10 code/sources \T1/ptm/
m/n/10 and
 []

[2

 <./figures/login_class_excerpt.pdf>] (./report.aux)
 ***********
LaTeX2e <2025-11-01>
L3 programming layer <2026-01-19>
 ***********
 ) 
Here is how much of TeX's memory you used:
 2703 strings out of 467525
 42240 string characters out of 5420048
 462769 words of memory out of 5000000
 31601 multiletter control sequences out of 15000+600000
 649296 words of font info for 65 fonts, out of 8000000 for 9000
 1141 hyphenation exceptions out of 8191
 57i,8n,65p,923b,230s stack positions out of 10000i,1000n,20000p,200000b,200000s
<d:/Tools/texlive/2026/texmf-dist/fonts/type1/urw/courier/ucrr8a.pfb><d:/Tool
s/texlive/2026/texmf-dist/fonts/type1/urw/times/utmb8a.pfb><d:/Tools/texlive/20
26/texmf-dist/fonts/type1/urw/times/utmr8a.pfb>
Output written on report.pdf (2 pages, 58169 bytes).
PDF statistics:
 34 PDF objects out of 1000 (max. 8388607)
 21 compressed objects within 1 object stream
 0 named destinations out of 1000 (max. 500000)
 6 words of extra memory for PDF output out of 10000 (max. 10000000)

